[2025-11-27 22:57:35,391: INFO: main: >>>>>> Data Ingestion Stage started <<<<<<]
[2025-11-27 22:57:35,414: INFO: common: YAML file C:\Users\hp\Regex\DLproject\config\config.yaml loaded successfully]
[2025-11-27 22:57:35,415: INFO: common: YAML file C:\Users\hp\Regex\DLproject\params.yaml loaded successfully]
[2025-11-27 22:57:35,415: INFO: common: created directory at: artifacts]
[2025-11-27 22:57:35,415: INFO: common: created directory at: artifacts/data_ingestion]
[2025-11-27 22:58:08,266: INFO: data_ingestion: artifacts\data_ingestion\data.zip download! with following info: 
Connection: close
Content-Length: 11616915
Cache-Control: max-age=300
Content-Security-Policy: default-src 'none'; style-src 'unsafe-inline'; sandbox
Content-Type: application/zip
ETag: "adf745abc03891fe493c3be264ec012691fe3fa21d861f35a27edbe6d86a76b1"
Strict-Transport-Security: max-age=31536000
X-Content-Type-Options: nosniff
X-Frame-Options: deny
X-XSS-Protection: 1; mode=block
X-GitHub-Request-Id: 9C02:96520:2EE2A5:54D80A:692889FA
Accept-Ranges: bytes
Date: Thu, 27 Nov 2025 17:27:23 GMT
Via: 1.1 varnish
X-Served-By: cache-del21741-DEL
X-Cache: MISS
X-Cache-Hits: 0
X-Timer: S1764264442.251078,VS0,VE890
Vary: Authorization,Accept-Encoding
Access-Control-Allow-Origin: *
Cross-Origin-Resource-Policy: cross-origin
X-Fastly-Request-ID: 0608f4216104d740386dd1d376e61a467f41df7d
Expires: Thu, 27 Nov 2025 17:32:23 GMT
Source-Age: 1

]
[2025-11-27 22:58:08,819: INFO: main: >>>>>> Data Ingestion Stage completed <<<<<<

x==========x]
